<?xml version="1.0" encoding="UTF-8"?>
<!-- Generated by org.testng.reporters.JUnitReportReporter -->
<testsuite hostname="SHUBHAM" failures="0" tests="1" name="v12StagingForFlight.V12StagingForHotel" time="168.841" errors="0" timestamp="2022-08-12T13:20:17 IST" skipped="0">
  <testcase classname="v12StagingForFlight.V12StagingForHotel" name="v12stagingforhotel" time="168.841"/>
  <system-out/>
</testsuite> <!-- v12StagingForFlight.V12StagingForHotel -->
