<?xml version="1.0" encoding="UTF-8"?>
<!-- Generated by org.testng.reporters.JUnitReportReporter -->
<testsuite hostname="SHUBHAM" failures="0" tests="5" name="ManualBooking.HotelBookingBODC" time="1342.069" errors="0" timestamp="2024-09-10T15:38:21 IST" skipped="0">
  <testcase classname="ManualBooking.HotelBookingBODC" name="corporateProfiling" time="256.954"/>
  <system-out/>
  <testcase classname="ManualBooking.HotelBookingBODC" name="corporateProfiling" time="275.601"/>
  <system-out/>
  <testcase classname="ManualBooking.HotelBookingBODC" name="corporateProfiling" time="295.807"/>
  <system-out/>
  <testcase classname="ManualBooking.HotelBookingBODC" name="corporateProfiling" time="274.492"/>
  <system-out/>
  <testcase classname="ManualBooking.HotelBookingBODC" name="corporateProfiling" time="239.215"/>
  <system-out/>
</testsuite> <!-- ManualBooking.HotelBookingBODC -->
