<?xml version="1.0" encoding="UTF-8"?>
<!-- Generated by org.testng.reporters.JUnitReportReporter -->
<testsuite hostname="Kumar-Gaurav" failures="0" tests="1" name="Administration_RevenueManagement.SupplierCommissionRule" time="117.310" errors="0" timestamp="2025-02-24T10:54:06 IST" skipped="0">
  <testcase classname="Administration_RevenueManagement.SupplierCommissionRule" name="supplierCommRule" time="117.310"/>
  <system-out/>
</testsuite> <!-- Administration_RevenueManagement.SupplierCommissionRule -->
