<?xml version="1.0" encoding="UTF-8"?>
<!-- Generated by org.testng.reporters.JUnitReportReporter -->
<testsuite hostname="SHUBHAM" failures="0" tests="2" name="v12Staging.V12StagingForFlight_Hotel" time="736.474" errors="0" timestamp="2022-08-23T18:27:14 IST" skipped="0">
  <testcase classname="v12Staging.V12StagingForFlight_Hotel" name="v12stagingforhotel" time="335.387"/>
  <system-out/>
  <testcase classname="v12Staging.V12StagingForFlight_Hotel" name="v12stagingforhotel" time="401.087"/>
  <system-out/>
</testsuite> <!-- v12Staging.V12StagingForFlight_Hotel -->
