<?xml version="1.0" encoding="UTF-8"?>
<!-- Generated by org.testng.reporters.JUnitReportReporter -->
<testsuite hostname="Kumar-Gaurav" failures="0" tests="1" name="ManualBooking.FlightBookingBODC" time="286.284" errors="0" timestamp="2025-02-27T17:52:21 IST" skipped="0">
  <testcase classname="ManualBooking.FlightBookingBODC" name="corporateProfiling" time="286.284"/>
  <system-out/>
</testsuite> <!-- ManualBooking.FlightBookingBODC -->
