<?xml version="1.0" encoding="UTF-8"?>
<!-- Generated by org.testng.reporters.JUnitReportReporter -->
<testsuite hostname="SHUBHAM" failures="0" tests="1" name="Administration_RevenueManagement.ManualCharges" time="20.515" errors="0" timestamp="2024-07-09T11:33:38 IST" skipped="0">
  <testcase classname="Administration_RevenueManagement.ManualCharges" name="corporateProfiling" time="20.515"/>
  <system-out/>
</testsuite> <!-- Administration_RevenueManagement.ManualCharges -->
