<?xml version="1.0" encoding="UTF-8"?>
<!-- Generated by org.testng.reporters.JUnitReportReporter -->
<testsuite hostname="SHUBHAM" failures="0" tests="5" name="ManualBooking.HotelBooking" time="1702.521" errors="0" timestamp="2024-08-12T11:43:40 IST" skipped="0">
  <testcase classname="ManualBooking.HotelBooking" name="corporateProfiling" time="339.404"/>
  <system-out/>
  <testcase classname="ManualBooking.HotelBooking" name="corporateProfiling" time="341.861"/>
  <system-out/>
  <testcase classname="ManualBooking.HotelBooking" name="corporateProfiling" time="317.250"/>
  <system-out/>
  <testcase classname="ManualBooking.HotelBooking" name="corporateProfiling" time="343.856"/>
  <system-out/>
  <testcase classname="ManualBooking.HotelBooking" name="corporateProfiling" time="360.150"/>
  <system-out/>
</testsuite> <!-- ManualBooking.HotelBooking -->
