<?xml version="1.0" encoding="UTF-8"?>
<!-- Generated by org.testng.reporters.JUnitReportReporter -->
<testsuite hostname="SHUBHAM" failures="0" tests="3" name="ManualBooking.VisaBooking" time="1751.927" errors="0" timestamp="2024-08-26T15:09:16 IST" skipped="0">
  <testcase classname="ManualBooking.VisaBooking" name="corporateProfiling" time="767.729"/>
  <system-out/>
  <testcase classname="ManualBooking.VisaBooking" name="corporateProfiling" time="584.354"/>
  <system-out/>
  <testcase classname="ManualBooking.VisaBooking" name="corporateProfiling" time="399.844"/>
  <system-out/>
</testsuite> <!-- ManualBooking.VisaBooking -->
