<?xml version="1.0" encoding="UTF-8"?>
<!-- Generated by org.testng.reporters.JUnitReportReporter -->
<testsuite hostname="Kumar-Gaurav" failures="0" tests="1" name="Administration_RevenueManagement.AutoCharges" time="51.601" errors="0" timestamp="2025-02-21T11:32:14 IST" skipped="0">
  <testcase classname="Administration_RevenueManagement.AutoCharges" name="autoCharges" time="51.601"/>
  <system-out/>
</testsuite> <!-- Administration_RevenueManagement.AutoCharges -->
