<?xml version="1.0" encoding="UTF-8"?>
<!-- Generated by org.testng.reporters.JUnitReportReporter -->
<testsuite hostname="Kumar-Gaurav" failures="0" tests="1" name="ManualBooking.HotelBookingBODC" time="598.790" errors="0" timestamp="2025-02-28T15:13:35 IST" skipped="0">
  <testcase classname="ManualBooking.HotelBookingBODC" name="corporateProfiling" time="598.790"/>
  <system-out/>
</testsuite> <!-- ManualBooking.HotelBookingBODC -->
