<?xml version="1.0" encoding="UTF-8"?>
<!-- Generated by org.testng.reporters.JUnitReportReporter -->
<testsuite hostname="SHUBHAM" failures="0" tests="1" name="v12StagingForFlight.V12StagingForFlight_Hotel" time="416.107" errors="0" timestamp="2022-08-18T11:58:11 IST" skipped="0">
  <testcase classname="v12StagingForFlight.V12StagingForFlight_Hotel" name="v12stagingforhotel" time="416.107"/>
  <system-out/>
</testsuite> <!-- v12StagingForFlight.V12StagingForFlight_Hotel -->
