<?xml version="1.0" encoding="UTF-8"?>
<!-- Generated by org.testng.reporters.JUnitReportReporter -->
<testsuite hostname="Kumar-Gaurav" failures="0" tests="1" name="MO_ClientManagement_CorporateCustomer_CAM.RegisterClient" time="66.492" errors="0" timestamp="2025-02-21T15:54:15 IST" skipped="0">
  <testcase classname="MO_ClientManagement_CorporateCustomer_CAM.RegisterClient" name="corporateProfiling" time="66.492"/>
  <system-out/>
</testsuite> <!-- MO_ClientManagement_CorporateCustomer_CAM.RegisterClient -->
