<?xml version="1.0" encoding="UTF-8"?>
<!-- Generated by org.testng.reporters.JUnitReportReporter -->
<testsuite hostname="SHUBHAM" failures="0" tests="4" name="v12Staging.V12StagingForFlight" time="1230.308" errors="0" timestamp="2022-08-23T17:56:05 IST" skipped="0">
  <testcase classname="v12Staging.V12StagingForFlight" name="v12Stagingforflight" time="283.135"/>
  <system-out/>
  <testcase classname="v12Staging.V12StagingForFlight" name="v12Stagingforflight" time="342.103"/>
  <system-out/>
  <testcase classname="v12Staging.V12StagingForFlight" name="v12Stagingforflight" time="310.413"/>
  <system-out/>
  <testcase classname="v12Staging.V12StagingForFlight" name="v12Stagingforflight" time="294.657"/>
  <system-out/>
</testsuite> <!-- v12Staging.V12StagingForFlight -->
