<?xml version="1.0" encoding="UTF-8"?>
<!-- Generated by org.testng.reporters.JUnitReportReporter -->
<testsuite hostname="SHUBHAM" failures="0" tests="1" name="Administration_RevenueManagement.CancellationCharges" time="107.125" errors="0" timestamp="2024-07-10T17:26:33 IST" skipped="0">
  <testcase classname="Administration_RevenueManagement.CancellationCharges" name="corporateProfiling" time="107.125"/>
  <system-out/>
</testsuite> <!-- Administration_RevenueManagement.CancellationCharges -->
