<?xml version="1.0" encoding="UTF-8"?>
<!-- Generated by org.testng.reporters.JUnitReportReporter -->
<testsuite hostname="Kumar-Gaurav" failures="0" tests="1" name="ManualBooking.HotelBookingBODC" time="302.298" errors="0" timestamp="2025-03-03T16:01:14 IST" skipped="0">
  <testcase classname="ManualBooking.HotelBookingBODC" name="corporateProfiling" time="302.298"/>
  <system-out/>
</testsuite> <!-- ManualBooking.HotelBookingBODC -->
