<?xml version="1.0" encoding="UTF-8"?>
<!-- Generated by org.testng.reporters.JUnitReportReporter -->
<testsuite hostname="SHUBHAM" failures="0" tests="1" name="MO_BookingManagement.ProductSearch" time="26.661" errors="0" timestamp="2023-02-09T11:40:19 IST" skipped="0">
  <testcase classname="MO_BookingManagement.ProductSearch" name="travellerProfiling" time="26.661"/>
  <system-out/>
</testsuite> <!-- MO_BookingManagement.ProductSearch -->
