<?xml version="1.0" encoding="UTF-8"?>
<!-- Generated by org.testng.reporters.JUnitReportReporter -->
<testsuite hostname="Kumar-Gaurav" failures="0" tests="1" name="ManualBooking.FlightBookingBOCA" time="317.119" errors="0" timestamp="2025-02-28T12:17:47 IST" skipped="0">
  <testcase classname="ManualBooking.FlightBookingBOCA" name="corporateProfiling" time="317.119"/>
  <system-out/>
</testsuite> <!-- ManualBooking.FlightBookingBOCA -->
