<?xml version="1.0" encoding="UTF-8"?>
<!-- Generated by org.testng.reporters.JUnitReportReporter -->
<testsuite hostname="SHUBHAM" failures="0" tests="4" name="v12StagingForFlight.V12StagingForFlight" time="1191.256" errors="0" timestamp="2022-08-10T12:16:13 IST" skipped="0">
  <testcase classname="v12StagingForFlight.V12StagingForFlight" name="v12Staging" time="402.313"/>
  <system-out/>
  <testcase classname="v12StagingForFlight.V12StagingForFlight" name="v12Staging" time="184.251"/>
  <system-out/>
  <testcase classname="v12StagingForFlight.V12StagingForFlight" name="v12Staging" time="198.410"/>
  <system-out/>
  <testcase classname="v12StagingForFlight.V12StagingForFlight" name="v12Staging" time="406.282"/>
  <system-out/>
</testsuite> <!-- v12StagingForFlight.V12StagingForFlight -->
