<?xml version="1.0" encoding="UTF-8"?>
<!-- Generated by org.testng.reporters.JUnitReportReporter -->
<testsuite hostname="Kumar-Gaurav" failures="0" tests="1" name="Sales_Channel_Setting.PreferredAirlines" time="78.632" errors="0" timestamp="2025-02-21T12:06:41 IST" skipped="0">
  <testcase classname="Sales_Channel_Setting.PreferredAirlines" name="preferredAirlines" time="78.632"/>
  <system-out/>
</testsuite> <!-- Sales_Channel_Setting.PreferredAirlines -->
