<?xml version="1.0" encoding="UTF-8"?>
<!-- Generated by org.testng.reporters.JUnitReportReporter -->
<testsuite hostname="SHUBHAM" failures="0" tests="1" name="Administration_AgencyManagement.BusinessUnit" time="81.922" errors="0" timestamp="2024-07-04T18:29:58 IST" skipped="0">
  <testcase classname="Administration_AgencyManagement.BusinessUnit" name="corporateProfiling" time="81.922"/>
  <system-out/>
</testsuite> <!-- Administration_AgencyManagement.BusinessUnit -->
