<?xml version="1.0" encoding="UTF-8"?>
<!-- Generated by org.testng.reporters.JUnitReportReporter -->
<testsuite hostname="Kumar-Gaurav" failures="0" tests="1" name="BookingManagement_ProductSearch.ReinvoiceProcess" time="102.090" errors="0" timestamp="2025-02-24T11:47:16 IST" skipped="0">
  <testcase classname="BookingManagement_ProductSearch.ReinvoiceProcess" name="reinvoiceProcess" time="102.090"/>
  <system-out/>
</testsuite> <!-- BookingManagement_ProductSearch.ReinvoiceProcess -->
