<?xml version="1.0" encoding="UTF-8"?>
<!-- Generated by org.testng.reporters.JUnitReportReporter -->
<testsuite hostname="SHUBHAM" failures="0" tests="1" name="MO_ClientManagement_CorporateCustomer_CAM.CorporateProfiling" time="47.002" errors="0" timestamp="2023-02-23T18:11:40 IST" skipped="0">
  <testcase classname="MO_ClientManagement_CorporateCustomer_CAM.CorporateProfiling" name="corporateProfiling" time="47.002"/>
  <system-out/>
</testsuite> <!-- MO_ClientManagement_CorporateCustomer_CAM.CorporateProfiling -->
