<?xml version="1.0" encoding="UTF-8"?>
<!-- Generated by org.testng.reporters.JUnitReportReporter -->
<testsuite hostname="Kumar-Gaurav" failures="0" tests="1" name="System_Setting.Manage_Banner" time="55.330" errors="0" timestamp="2025-02-21T16:47:44 IST" skipped="0">
  <testcase classname="System_Setting.Manage_Banner" name="preferredAirlines" time="55.330"/>
  <system-out/>
</testsuite> <!-- System_Setting.Manage_Banner -->
