<?xml version="1.0" encoding="UTF-8"?>
<!-- Generated by org.testng.reporters.JUnitReportReporter -->
<testsuite hostname="SHUBHAM" failures="0" tests="1" name="MO_BookingManagement.ProductSearch_Hotel" time="190.014" errors="0" timestamp="2023-05-18T17:59:38 IST" skipped="0">
  <testcase classname="MO_BookingManagement.ProductSearch_Hotel" name="BODCHotelSearch" time="190.014"/>
  <system-out/>
</testsuite> <!-- MO_BookingManagement.ProductSearch_Hotel -->
