<?xml version="1.0" encoding="UTF-8"?>
<!-- Generated by org.testng.reporters.JUnitReportReporter -->
<testsuite hostname="Kumar-Gaurav" failures="0" tests="1" name="Administration_ContentManagement.AirlineAutoTicket" time="89.096" errors="0" timestamp="2025-02-21T12:17:25 IST" skipped="0">
  <testcase classname="Administration_ContentManagement.AirlineAutoTicket" name="autoCharges" time="89.096"/>
  <system-out/>
</testsuite> <!-- Administration_ContentManagement.AirlineAutoTicket -->
