<?xml version="1.0" encoding="UTF-8"?>
<!-- Generated by org.testng.reporters.JUnitReportReporter -->
<testsuite hostname="SHUBHAM" failures="0" tests="1" name="Administration_AgencyManagement.BusinessUnit" time="35.457" errors="0" timestamp="2024-08-12T15:52:59 IST" skipped="0">
  <testcase classname="Administration_AgencyManagement.BusinessUnit" name="corporateProfiling" time="35.457"/>
  <system-out/>
</testsuite> <!-- Administration_AgencyManagement.BusinessUnit -->
