<?xml version="1.0" encoding="UTF-8"?>
<!-- Generated by org.testng.reporters.JUnitReportReporter -->
<testsuite hostname="Kumar-Gaurav" failures="0" tests="1" name="ManualBooking.VisaBookingBODC" time="366.115" errors="0" timestamp="2025-03-04T11:39:30 IST" skipped="0">
  <testcase classname="ManualBooking.VisaBookingBODC" name="corporateProfiling" time="366.115"/>
  <system-out/>
</testsuite> <!-- ManualBooking.VisaBookingBODC -->
