<?xml version="1.0" encoding="UTF-8"?>
<!-- Generated by org.testng.reporters.JUnitReportReporter -->
<testsuite hostname="SHUBHAM" failures="0" tests="1" name="Administration_AgencyManagement.ManageCostCenter" time="26.970" errors="0" timestamp="2024-07-05T14:57:51 IST" skipped="0">
  <testcase classname="Administration_AgencyManagement.ManageCostCenter" name="corporateProfiling" time="26.970"/>
  <system-out/>
</testsuite> <!-- Administration_AgencyManagement.ManageCostCenter -->
