<?xml version="1.0" encoding="UTF-8"?>
<!-- Generated by org.testng.reporters.JUnitReportReporter -->
<testsuite hostname="SHUBHAM" failures="0" tests="2" name="v12Staging.V12StagingForHotel" time="442.190" errors="0" timestamp="2022-08-23T18:12:02 IST" skipped="0">
  <testcase classname="v12Staging.V12StagingForHotel" name="v12stagingforhotel" time="243.023"/>
  <system-out/>
  <testcase classname="v12Staging.V12StagingForHotel" name="v12stagingforhotel" time="199.167"/>
  <system-out/>
</testsuite> <!-- v12Staging.V12StagingForHotel -->
