<?xml version="1.0" encoding="UTF-8"?>
<!-- Generated by org.testng.reporters.JUnitReportReporter -->
<testsuite hostname="SHUBHAM" failures="0" tests="1" name="cam_Backoffice.CorporateProfiling" time="28.413" errors="0" timestamp="2023-02-07T11:21:56 IST" skipped="0">
  <testcase classname="cam_Backoffice.CorporateProfiling" name="corporateProfiling" time="28.413"/>
  <system-out/>
</testsuite> <!-- cam_Backoffice.CorporateProfiling -->
