<?xml version="1.0" encoding="UTF-8"?>
<!-- Generated by org.testng.reporters.JUnitReportReporter -->
<testsuite hostname="Kumar-Gaurav" failures="0" tests="1" name="ManualBooking.FlightBookingBOCA" time="267.751" errors="0" timestamp="2025-03-03T15:51:37 IST" skipped="0">
  <testcase classname="ManualBooking.FlightBookingBOCA" name="corporateProfiling" time="267.751"/>
  <system-out/>
</testsuite> <!-- ManualBooking.FlightBookingBOCA -->
