<?xml version="1.0" encoding="UTF-8"?>
<!-- Generated by org.testng.reporters.JUnitReportReporter -->
<testsuite hostname="SHUBHAM" failures="0" tests="1" name="Administration_AgencyManagement.RegisterStaff" time="22.851" errors="0" timestamp="2024-07-08T14:39:53 IST" skipped="0">
  <testcase classname="Administration_AgencyManagement.RegisterStaff" name="corporateProfiling" time="22.851"/>
  <system-out/>
</testsuite> <!-- Administration_AgencyManagement.RegisterStaff -->
