<?xml version="1.0" encoding="UTF-8"?>
<!-- Generated by org.testng.reporters.JUnitReportReporter -->
<testsuite hostname="SHUBHAM" failures="0" tests="1" name="Administration_AgencyManagement.ManageBranch" time="29.505" errors="0" timestamp="2024-07-05T12:22:18 IST" skipped="0">
  <testcase classname="Administration_AgencyManagement.ManageBranch" name="corporateProfiling" time="29.505"/>
  <system-out/>
</testsuite> <!-- Administration_AgencyManagement.ManageBranch -->
