<?xml version="1.0" encoding="UTF-8"?>
<!-- Generated by org.testng.reporters.JUnitReportReporter -->
<testsuite hostname="Kumar-Gaurav" failures="0" tests="1" name="MO_ClientManagement_CorporateCustomer_CAM.RegisterSupplier" time="78.005" errors="0" timestamp="2025-02-21T16:10:24 IST" skipped="0">
  <testcase classname="MO_ClientManagement_CorporateCustomer_CAM.RegisterSupplier" name="registerSupplier" time="78.005"/>
  <system-out/>
</testsuite> <!-- MO_ClientManagement_CorporateCustomer_CAM.RegisterSupplier -->
