<?xml version="1.0" encoding="UTF-8"?>
<!-- Generated by org.testng.reporters.JUnitReportReporter -->
<testsuite hostname="Kumar-Gaurav" failures="0" tests="2" name="ManualBooking.FlightBookingBODC" time="656.983" errors="0" timestamp="2025-03-04T12:42:48 IST" skipped="0">
  <testcase classname="ManualBooking.FlightBookingBODC" name="corporateProfiling" time="308.301"/>
  <system-out/>
  <testcase classname="ManualBooking.FlightBookingBODC" name="corporateProfiling" time="348.682"/>
  <system-out/>
</testsuite> <!-- ManualBooking.FlightBookingBODC -->
