<?xml version="1.0" encoding="UTF-8"?>
<!-- Generated by org.testng.reporters.JUnitReportReporter -->
<testsuite hostname="Kumar-Gaurav" failures="0" tests="1" name="ManualBooking.HotelBookingBOCA" time="279.341" errors="0" timestamp="2025-03-03T16:29:49 IST" skipped="0">
  <testcase classname="ManualBooking.HotelBookingBOCA" name="corporateProfiling" time="279.341"/>
  <system-out/>
</testsuite> <!-- ManualBooking.HotelBookingBOCA -->
